<?xml version="1.0" encoding="UTF-8"?>
<testsuite name="SessionTest" tests="1" skipped="0" failures="0" errors="0" timestamp="2022-03-28T13:49:49" hostname="Helenas-MBP-3.home" time="0.021">
  <properties/>
  <testcase name="addTalkIncreaseNumberOfTalksInsideTheSession()" classname="SessionTest" time="0.021"/>
  <system-out><![CDATA[]]></system-out>
  <system-err><![CDATA[]]></system-err>
</testsuite>
