<?xml version="1.0" encoding="UTF-8"?>
<testsuite name="ConferenceTest" tests="1" skipped="0" failures="0" errors="0" timestamp="2022-03-22T11:00:41" hostname="Helenas-MacBook-Pro.local" time="0.019">
  <properties/>
  <testcase name="conferenceCreateTrack()" classname="ConferenceTest" time="0.019"/>
  <system-out><![CDATA[]]></system-out>
  <system-err><![CDATA[]]></system-err>
</testsuite>
