<?xml version="1.0" encoding="UTF-8"?>
<testsuite name="TrackTest" tests="1" skipped="0" failures="0" errors="0" timestamp="2022-03-22T15:57:45" hostname="Helenas-MacBook-Pro.local" time="0.015">
  <properties/>
  <testcase name="addTalkIncreaseNumberOfTalksInsideTheTrack()" classname="TrackTest" time="0.015"/>
  <system-out><![CDATA[]]></system-out>
  <system-err><![CDATA[]]></system-err>
</testsuite>
